Warning: React version not specified in eslint-plugin-react settings. See https://github.com/yannickcr/eslint-plugin-react#configuration .

/Users/rommelsamanez/wigilabs/production_nerdlets/Pathpoint-CORE-V1/nerdlets/pathpoint-nerdlet/Provider/AppProvider.js
  7:9  error  Parsing error: Unexpected token =

/Users/rommelsamanez/wigilabs/production_nerdlets/Pathpoint-CORE-V1/nerdlets/pathpoint-nerdlet/components/ContextMenu/ContextMenu.js
  2:11  error  Parsing error: Unexpected token =

/Users/rommelsamanez/wigilabs/production_nerdlets/Pathpoint-CORE-V1/nerdlets/pathpoint-nerdlet/components/Header/Header.js
  31:18  error  Parsing error: Unexpected token =

/Users/rommelsamanez/wigilabs/production_nerdlets/Pathpoint-CORE-V1/nerdlets/pathpoint-nerdlet/components/Modal/CustomSelect.js
   5:3   error  'placeholder' is missing in props validation         react/prop-types
   6:3   error  'field' is missing in props validation               react/prop-types
   7:3   error  'form' is missing in props validation                react/prop-types
   8:3   error  'options' is missing in props validation             react/prop-types
  11:10  error  'form.setFieldValue' is missing in props validation  react/prop-types
  12:13  error  'field.name' is missing in props validation          react/prop-types
  18:22  error  'options.find' is missing in props validation        react/prop-types
  18:60  error  'field.value' is missing in props validation         react/prop-types
  23:19  error  'field.name' is missing in props validation          react/prop-types

/Users/rommelsamanez/wigilabs/production_nerdlets/Pathpoint-CORE-V1/nerdlets/pathpoint-nerdlet/components/Modal/index.js
    14:31  error  'FormGroup' is defined but never used                                                                                                        no-unused-vars
   161:7   error  Unexpected lexical declaration in case block                                                                                                 no-case-declarations
   164:7   error  Unexpected lexical declaration in case block                                                                                                 no-case-declarations
   165:7   error  Unexpected lexical declaration in case block                                                                                                 no-case-declarations
   228:29  error  'e' is defined but never used                                                                                                                no-unused-vars
   279:7   error  Unexpected lexical declaration in case block                                                                                                 no-case-declarations
   280:7   error  Unexpected lexical declaration in case block                                                                                                 no-case-declarations
   345:7   error  Unexpected lexical declaration in case block                                                                                                 no-case-declarations
   383:7   error  Unreachable code                                                                                                                             no-unreachable
   398:15  error  Using target="_blank" without rel="noreferrer" is a security risk: see https://html.spec.whatwg.org/multipage/links.html#link-type-noopener  react/jsx-no-target-blank
   472:34  error  'actions' is defined but never used                                                                                                          no-unused-vars
   474:36  error  'submitForm' is defined but never used                                                                                                       no-unused-vars
   598:7   error  Unreachable code                                                                                                                             no-unreachable
   609:19  error  Using target="_blank" without rel="noreferrer" is a security risk: see https://html.spec.whatwg.org/multipage/links.html#link-type-noopener  react/jsx-no-target-blank
   665:19  error  Using target="_blank" without rel="noreferrer" is a security risk: see https://html.spec.whatwg.org/multipage/links.html#link-type-noopener  react/jsx-no-target-blank
   751:15  error  Using target="_blank" without rel="noreferrer" is a security risk: see https://html.spec.whatwg.org/multipage/links.html#link-type-noopener  react/jsx-no-target-blank
   805:34  error  'actions' is defined but never used                                                                                                          no-unused-vars
   807:36  error  'submitForm' is defined but never used                                                                                                       no-unused-vars
   933:7   error  Unreachable code                                                                                                                             no-unreachable
   975:7   error  Unreachable code                                                                                                                             no-unreachable
  1001:7   error  Unreachable code                                                                                                                             no-unreachable
  1027:7   error  Unreachable code                                                                                                                             no-unreachable
  1053:7   error  Unreachable code                                                                                                                             no-unreachable
  1079:7   error  Unreachable code                                                                                                                             no-unreachable
  1130:7   error  Unreachable code                                                                                                                             no-unreachable
  1212:5   error  'chargueSample' is missing in props validation                                                                                               react/prop-types
  1213:5   error  'querySample' is missing in props validation                                                                                                 react/prop-types
  1214:5   error  'testQuery' is missing in props validation                                                                                                   react/prop-types
  1215:5   error  'changeSubject' is missing in props validation                                                                                               react/prop-types
  1216:5   error  'updateNewGui' is missing in props validation                                                                                                react/prop-types
  1217:5   error  'configuration' is missing in props validation                                                                                               react/prop-types
  1218:5   error  'hidden' is missing in props validation                                                                                                      react/prop-types
  1219:5   error  'errorsList' is missing in props validation                                                                                                  react/prop-types
  1220:5   error  '_onClose' is missing in props validation                                                                                                    react/prop-types
  1221:5   error  'stageNameSelected' is missing in props validation                                                                                           react/prop-types
  1222:5   error  'viewModal' is missing in props validation                                                                                                   react/prop-types
  1223:5   error  'changeMessage' is missing in props validation                                                                                               react/prop-types
  1224:5   error  'handleChangeTexarea' is missing in props validation                                                                                         react/prop-types
  1225:5   error  'handleSaveUpdateQuery' is missing in props validation                                                                                       react/prop-types
  1226:5   error  'handleSaveUpdateTune' is missing in props validation                                                                                        react/prop-types
  1227:5   error  'supportForm' is missing in props validation                                                                                                 react/prop-types
  1228:5   error  'handleSaveUpdateSupport' is missing in props validation                                                                                     react/prop-types
  1229:5   error  'handleSaveUpdateCanary' is missing in props validation                                                                                      react/prop-types
  1230:5   error  'handleSaveUpdateFire' is missing in props validation                                                                                        react/prop-types
  1231:5   error  'handleChangeTexareaSupport' is missing in props validation                                                                                  react/prop-types
  1232:5   error  'testText' is missing in props validation                                                                                                    react/prop-types
  1233:5   error  'goodQuery' is missing in props validation                                                                                                   react/prop-types
  1234:5   error  'LogoFormSubmit' is missing in props validation                                                                                              react/prop-types
  1235:5   error  'validateKpiQuery' is missing in props validation                                                                                            react/prop-types
  1288:7   error  No duplicate props allowed                                                                                                                   react/jsx-no-duplicate-props

/Users/rommelsamanez/wigilabs/production_nerdlets/Pathpoint-CORE-V1/nerdlets/pathpoint-nerdlet/components/ModalTouchPoint/index.js
   3:17  error  'ResponsiveEmbed' is defined but never used              no-unused-vars
   5:8   error  'graphImage' is defined but never used                   no-unused-vars
   6:8   error  'startIcon' is defined but never used                    no-unused-vars
   7:8   error  'startIconOn' is defined but never used                  no-unused-vars
   8:8   error  'medalIcon' is defined but never used                    no-unused-vars
   9:8   error  'medalIconOn' is defined but never used                  no-unused-vars
  11:8   error  'imgOne' is defined but never used                       no-unused-vars
  12:10  error  'element' is defined but never used                      no-unused-vars
  15:9   error  'hidden' is missing in props validation                  react/prop-types
  15:17  error  '_onClose' is missing in props validation                react/prop-types
  15:27  error  'stageNameSelected' is missing in props validation       react/prop-types
  15:27  error  'stageNameSelected' is assigned a value but never used   no-unused-vars
  15:46  error  'iframembed' is missing in props validation              react/prop-types
  15:58  error  'viewModal' is missing in props validation               react/prop-types
  15:58  error  'viewModal' is assigned a value but never used           no-unused-vars
  37:14  error  Unknown property 'class' found, use 'className' instead  react/no-unknown-property
  44:18  error  'iframembed[].map' is missing in props validation        react/prop-types

/Users/rommelsamanez/wigilabs/production_nerdlets/Pathpoint-CORE-V1/nerdlets/pathpoint-nerdlet/components/Stage/Stage.js
  19:11  error  Parsing error: Unexpected token =

/Users/rommelsamanez/wigilabs/production_nerdlets/Pathpoint-CORE-V1/nerdlets/pathpoint-nerdlet/components/Step/Step.js
  23:18  error  Parsing error: Unexpected token =

/Users/rommelsamanez/wigilabs/production_nerdlets/Pathpoint-CORE-V1/nerdlets/pathpoint-nerdlet/components/TouchPoint/TouchPoint.js
  57:22  error  Parsing error: Unexpected token =

/Users/rommelsamanez/wigilabs/production_nerdlets/Pathpoint-CORE-V1/nerdlets/pathpoint-nerdlet/containers/MainContainer/MainContainer.js
  288:23  error  Parsing error: Unexpected token =

/Users/rommelsamanez/wigilabs/production_nerdlets/Pathpoint-CORE-V1/nerdlets/pathpoint-nerdlet/containers/StepContainer/StepContainer.js
  6:11  error  Parsing error: Unexpected token =

/Users/rommelsamanez/wigilabs/production_nerdlets/Pathpoint-CORE-V1/nerdlets/pathpoint-nerdlet/containers/TouchPointContainer/TouchPointContainer.js
  15:23  error  Parsing error: Unexpected token =

/Users/rommelsamanez/wigilabs/production_nerdlets/Pathpoint-CORE-V1/nerdlets/pathpoint-nerdlet/helpers/Emulator.js
  12:10  error  Parsing error: Unexpected token =

/Users/rommelsamanez/wigilabs/production_nerdlets/Pathpoint-CORE-V1/nerdlets/pathpoint-nerdlet/services/Configuration.js
  10:18  error  Parsing error: Unexpected token =

/Users/rommelsamanez/wigilabs/production_nerdlets/Pathpoint-CORE-V1/nerdlets/pathpoint-nerdlet/services/Validations.js
  110:21  error  'key' is assigned a value but never used  no-unused-vars
  165:21  error  'key' is assigned a value but never used  no-unused-vars

✖ 89 problems (89 errors, 0 warnings)

